{"timestamp":"2026-03-10T01:14:17.564361Z","level":"info","event":"DAG bundles loaded: dags-folder, example_dags","logger":"airflow.dag_processing.bundles.manager.DagBundlesManager","filename":"manager.py","lineno":179}
{"timestamp":"2026-03-10T01:14:17.565582Z","level":"info","event":"Filling up the DagBag from /opt/airflow/dags/operator_demo.py","logger":"airflow.models.dagbag.DagBag","filename":"dagbag.py","lineno":593}
{"timestamp":"2026-03-10T01:14:17.612305Z","level":"warning","event":"The `airflow.operators.bash.BashOperator` attribute is deprecated. Please use `'airflow.providers.standard.operators.bash.BashOperator'`.","category":"DeprecatedImportWarning","filename":"/opt/airflow/dags/operator_demo.py","lineno":5,"logger":"py.warnings"}
{"timestamp":"2026-03-10T01:14:17.659318Z","level":"info","event":"Task instance is in running state","logger":"task.stdout"}
{"timestamp":"2026-03-10T01:14:17.659662Z","level":"info","event":" Previous state of the Task instance: TaskInstanceState.QUEUED","logger":"task.stdout"}
{"timestamp":"2026-03-10T01:14:17.659962Z","level":"info","event":"Current task name:list_dag_folder_files","logger":"task.stdout"}
{"timestamp":"2026-03-10T01:14:17.660188Z","level":"info","event":"Dag name:bash_operator_demo","logger":"task.stdout"}
{"timestamp":"2026-03-10T01:14:17.660412Z","level":"info","event":"Tmp dir root location: /tmp","logger":"airflow.task.hooks.airflow.providers.standard.hooks.subprocess.SubprocessHook","filename":"subprocess.py","lineno":78}
{"timestamp":"2026-03-10T01:14:17.666288Z","level":"info","event":"Running command: ['/usr/bin/bash', '-c', \"echo 'Files in DAGs Folders:' && ls -lh /opt/airflow/dags\"]","logger":"airflow.task.hooks.airflow.providers.standard.hooks.subprocess.SubprocessHook","filename":"subprocess.py","lineno":80}
{"timestamp":"2026-03-10T01:14:17.668166Z","level":"info","event":"Output:","logger":"airflow.task.hooks.airflow.providers.standard.hooks.subprocess.SubprocessHook","filename":"subprocess.py","lineno":92}
{"timestamp":"2026-03-10T01:14:17.691994Z","level":"info","event":"Files in DAGs Folders:","logger":"airflow.task.hooks.airflow.providers.standard.hooks.subprocess.SubprocessHook","filename":"subprocess.py","lineno":99}
{"timestamp":"2026-03-10T01:14:17.711772Z","level":"info","event":"total 4.0K","logger":"airflow.task.hooks.airflow.providers.standard.hooks.subprocess.SubprocessHook","filename":"subprocess.py","lineno":99}
{"timestamp":"2026-03-10T01:14:17.711926Z","level":"info","event":"drwxrwxr-x 1 airflow root 4.0K Mar 10 01:13 __pycache__","logger":"airflow.task.hooks.airflow.providers.standard.hooks.subprocess.SubprocessHook","filename":"subprocess.py","lineno":99}
{"timestamp":"2026-03-10T01:14:17.711990Z","level":"info","event":"-rwxrwxrwx 1 root    root  553 Mar 10 01:13 operator_demo.py","logger":"airflow.task.hooks.airflow.providers.standard.hooks.subprocess.SubprocessHook","filename":"subprocess.py","lineno":99}
{"timestamp":"2026-03-10T01:14:17.712046Z","level":"info","event":"-rwxrwxrwx 1 root    root  681 Mar 10 00:56 taskflow_demo.py","logger":"airflow.task.hooks.airflow.providers.standard.hooks.subprocess.SubprocessHook","filename":"subprocess.py","lineno":99}
{"timestamp":"2026-03-10T01:14:17.712113Z","level":"info","event":"-rwxrwxrwx 1 root    root 1.4K Mar 10 00:25 test-api-modern.py","logger":"airflow.task.hooks.airflow.providers.standard.hooks.subprocess.SubprocessHook","filename":"subprocess.py","lineno":99}
{"timestamp":"2026-03-10T01:14:17.712209Z","level":"info","event":"Command exited with return code 0","logger":"airflow.task.hooks.airflow.providers.standard.hooks.subprocess.SubprocessHook","filename":"subprocess.py","lineno":103}
{"timestamp":"2026-03-10T01:14:17.712771Z","level":"info","event":"Pushing xcom","ti":"RuntimeTaskInstance(id=UUID('019cd54f-1733-741d-ba33-5761377e829f'), task_id='list_dag_folder_files', dag_id='bash_operator_demo', run_id='manual__2026-03-10T01:14:14+00:00', try_number=1, dag_version_id=UUID('019cd54e-0f16-7db2-803a-f76c61479ce0'), map_index=-1, hostname='e56e46076ba6', context_carrier={}, task=<Task(BashOperator): list_dag_folder_files>, bundle_instance=LocalDagBundle(name=dags-folder), max_tries=0, start_date=datetime.datetime(2026, 3, 10, 1, 14, 17, 498150, tzinfo=datetime.timezone.utc), end_date=None, state=<TaskInstanceState.RUNNING: 'running'>, is_mapped=False, rendered_map_index=None)","logger":"task","filename":"task_runner.py","lineno":1370}
{"timestamp":"2026-03-10T01:14:17.751234Z","level":"info","event":"Task instance in success state","logger":"task.stdout"}
{"timestamp":"2026-03-10T01:14:17.751542Z","level":"info","event":" Previous state of the Task instance: TaskInstanceState.RUNNING","logger":"task.stdout"}
{"timestamp":"2026-03-10T01:14:17.751851Z","level":"info","event":"Task operator:<Task(BashOperator): list_dag_folder_files>","logger":"task.stdout"}
