{"timestamp":"2026-03-11T00:06:22.523383Z","level":"info","event":"DAG bundles loaded: dags-folder, example_dags","logger":"airflow.dag_processing.bundles.manager.DagBundlesManager","filename":"manager.py","lineno":179}
{"timestamp":"2026-03-11T00:06:22.524471Z","level":"info","event":"Filling up the DagBag from /opt/airflow/dags/operator_demo.py","logger":"airflow.models.dagbag.DagBag","filename":"dagbag.py","lineno":593}
{"timestamp":"2026-03-11T00:06:24.073547Z","level":"warning","event":"The `airflow.operators.bash.BashOperator` attribute is deprecated. Please use `'airflow.providers.standard.operators.bash.BashOperator'`.","category":"DeprecatedImportWarning","filename":"/opt/airflow/dags/operator_demo.py","lineno":5,"logger":"py.warnings"}
{"timestamp":"2026-03-11T00:06:24.073735Z","level":"warning","event":"The `airflow.sensors.filesystem.FileSensor` attribute is deprecated. Please use `'airflow.providers.standard.sensors.filesystem.FileSensor'`.","category":"DeprecatedImportWarning","filename":"/opt/airflow/dags/operator_demo.py","lineno":6,"logger":"py.warnings"}
{"timestamp":"2026-03-11T00:06:24.096930Z","level":"info","event":"Task instance is in running state","logger":"task.stdout"}
{"timestamp":"2026-03-11T00:06:24.097324Z","level":"info","event":" Previous state of the Task instance: TaskInstanceState.QUEUED","logger":"task.stdout"}
{"timestamp":"2026-03-11T00:06:24.097605Z","level":"info","event":"Current task name:list_dag_folder_files","logger":"task.stdout"}
{"timestamp":"2026-03-11T00:06:24.097830Z","level":"info","event":"Dag name:bash_operator_demo","logger":"task.stdout"}
{"timestamp":"2026-03-11T00:06:24.098380Z","level":"info","event":"Tmp dir root location: /tmp","logger":"airflow.task.hooks.airflow.providers.standard.hooks.subprocess.SubprocessHook","filename":"subprocess.py","lineno":78}
{"timestamp":"2026-03-11T00:06:24.102484Z","level":"info","event":"Running command: ['/usr/bin/bash', '-c', \"echo 'Files in DAGs Folders:' && ls -lh /opt/airflow/dags\"]","logger":"airflow.task.hooks.airflow.providers.standard.hooks.subprocess.SubprocessHook","filename":"subprocess.py","lineno":80}
{"timestamp":"2026-03-11T00:06:24.104045Z","level":"info","event":"Output:","logger":"airflow.task.hooks.airflow.providers.standard.hooks.subprocess.SubprocessHook","filename":"subprocess.py","lineno":92}
{"timestamp":"2026-03-11T00:06:24.110466Z","level":"info","event":"Files in DAGs Folders:","logger":"airflow.task.hooks.airflow.providers.standard.hooks.subprocess.SubprocessHook","filename":"subprocess.py","lineno":99}
{"timestamp":"2026-03-11T00:06:24.128678Z","level":"info","event":"total 16K","logger":"airflow.task.hooks.airflow.providers.standard.hooks.subprocess.SubprocessHook","filename":"subprocess.py","lineno":99}
{"timestamp":"2026-03-11T00:06:24.128882Z","level":"info","event":"drwxrwxr-x 1 airflow root 4.0K Mar 11 00:03 __pycache__","logger":"airflow.task.hooks.airflow.providers.standard.hooks.subprocess.SubprocessHook","filename":"subprocess.py","lineno":99}
{"timestamp":"2026-03-11T00:06:24.128941Z","level":"info","event":"-rwxrwxrwx 1 root    root  522 Mar 10 01:41 daily_sales.csv","logger":"airflow.task.hooks.airflow.providers.standard.hooks.subprocess.SubprocessHook","filename":"subprocess.py","lineno":99}
{"timestamp":"2026-03-11T00:06:24.128983Z","level":"info","event":"-rwxrwxrwx 1 airflow root 1.4K Mar 11 00:03 operator_demo.py","logger":"airflow.task.hooks.airflow.providers.standard.hooks.subprocess.SubprocessHook","filename":"subprocess.py","lineno":99}
{"timestamp":"2026-03-11T00:06:24.129018Z","level":"info","event":"-rwxrwxrwx 1 root    root 2.4K Mar 10 23:14 project-f6541d1b-f290-42cd-a1d-447538895f5f.json","logger":"airflow.task.hooks.airflow.providers.standard.hooks.subprocess.SubprocessHook","filename":"subprocess.py","lineno":99}
{"timestamp":"2026-03-11T00:06:24.129052Z","level":"info","event":"-rwxrwxrwx 1 airflow root  681 Mar 10 00:56 taskflow_demo.py","logger":"airflow.task.hooks.airflow.providers.standard.hooks.subprocess.SubprocessHook","filename":"subprocess.py","lineno":99}
{"timestamp":"2026-03-11T00:06:24.129083Z","level":"info","event":"-rwxrwxrwx 1 airflow root 1.4K Mar 10 00:25 test-api-modern.py","logger":"airflow.task.hooks.airflow.providers.standard.hooks.subprocess.SubprocessHook","filename":"subprocess.py","lineno":99}
{"timestamp":"2026-03-11T00:06:24.129322Z","level":"info","event":"Command exited with return code 0","logger":"airflow.task.hooks.airflow.providers.standard.hooks.subprocess.SubprocessHook","filename":"subprocess.py","lineno":103}
{"timestamp":"2026-03-11T00:06:24.130252Z","level":"info","event":"Pushing xcom","ti":"RuntimeTaskInstance(id=UUID('019cda37-36f9-7716-b9bf-ee6c5d03c3ad'), task_id='list_dag_folder_files', dag_id='bash_operator_demo', run_id='manual__2026-03-11T00:05:38+00:00', try_number=1, dag_version_id=UUID('019cda33-7110-7b12-addf-5e24b10b58ab'), map_index=-1, hostname='f1f90ba5fafb', context_carrier={}, task=<Task(BashOperator): list_dag_folder_files>, bundle_instance=LocalDagBundle(name=dags-folder), max_tries=0, start_date=datetime.datetime(2026, 3, 11, 0, 6, 22, 489612, tzinfo=datetime.timezone.utc), end_date=None, state=<TaskInstanceState.RUNNING: 'running'>, is_mapped=False, rendered_map_index=None)","logger":"task","filename":"task_runner.py","lineno":1370}
{"timestamp":"2026-03-11T00:06:24.162790Z","level":"info","event":"Task instance in success state","logger":"task.stdout"}
{"timestamp":"2026-03-11T00:06:24.163242Z","level":"info","event":" Previous state of the Task instance: TaskInstanceState.RUNNING","logger":"task.stdout"}
{"timestamp":"2026-03-11T00:06:24.163572Z","level":"info","event":"Task operator:<Task(BashOperator): list_dag_folder_files>","logger":"task.stdout"}
