{"timestamp":"2026-03-11T00:00:04.584836Z","level":"info","event":"Filling up the DagBag from /opt/airflow/dags/operator_demo.py","logger":"airflow.models.dagbag.DagBag","filename":"dagbag.py","lineno":593}
{"timestamp":"2026-03-11T00:00:04.603653Z","level":"warning","event":"The `airflow.operators.bash.BashOperator` attribute is deprecated. Please use `'airflow.providers.standard.operators.bash.BashOperator'`.","category":"DeprecatedImportWarning","filename":"/opt/airflow/dags/operator_demo.py","lineno":5,"logger":"py.warnings"}
{"timestamp":"2026-03-11T00:00:34.738256Z","level":"info","event":"Filling up the DagBag from /opt/airflow/dags/operator_demo.py","logger":"airflow.models.dagbag.DagBag","filename":"dagbag.py","lineno":593}
{"timestamp":"2026-03-11T00:00:34.756300Z","level":"warning","event":"The `airflow.operators.bash.BashOperator` attribute is deprecated. Please use `'airflow.providers.standard.operators.bash.BashOperator'`.","category":"DeprecatedImportWarning","filename":"/opt/airflow/dags/operator_demo.py","lineno":5,"logger":"py.warnings"}
{"timestamp":"2026-03-11T00:01:05.205173Z","level":"info","event":"Filling up the DagBag from /opt/airflow/dags/operator_demo.py","logger":"airflow.models.dagbag.DagBag","filename":"dagbag.py","lineno":593}
{"timestamp":"2026-03-11T00:01:05.232685Z","level":"warning","event":"The `airflow.operators.bash.BashOperator` attribute is deprecated. Please use `'airflow.providers.standard.operators.bash.BashOperator'`.","category":"DeprecatedImportWarning","filename":"/opt/airflow/dags/operator_demo.py","lineno":5,"logger":"py.warnings"}
{"timestamp":"2026-03-11T00:01:13.745021Z","level":"warning","event":"Error when trying to pre-import module 'airflow.sensor.filesystem' found in /opt/airflow/dags/operator_demo.py: No module named 'airflow.sensor'","logger":"processor"}
{"timestamp":"2026-03-11T00:01:13.823541Z","level":"info","event":"Filling up the DagBag from /opt/airflow/dags/operator_demo.py","logger":"airflow.models.dagbag.DagBag","filename":"dagbag.py","lineno":593}
{"timestamp":"2026-03-11T00:01:14.414978Z","level":"error","event":"Failed to import: /opt/airflow/dags/operator_demo.py","logger":"airflow.models.dagbag.DagBag","filename":"dagbag.py","lineno":415,"error_detail":[{"exc_type":"ModuleNotFoundError","exc_value":"No module named 'airflow.sensor'","exc_notes":[],"syntax_error":null,"is_cause":false,"frames":[{"filename":"/home/airflow/.local/lib/python3.12/site-packages/airflow/models/dagbag.py","lineno":405,"name":"parse"},{"filename":"<frozen importlib._bootstrap_external>","lineno":999,"name":"exec_module"},{"filename":"<frozen importlib._bootstrap>","lineno":488,"name":"_call_with_frames_removed"},{"filename":"/opt/airflow/dags/operator_demo.py","lineno":6,"name":"<module>"}],"is_group":false,"exceptions":[]}]}
{"timestamp":"2026-03-11T00:01:14.460196Z","level":"warning","event":"The `airflow.operators.bash.BashOperator` attribute is deprecated. Please use `'airflow.providers.standard.operators.bash.BashOperator'`.","category":"DeprecatedImportWarning","filename":"/opt/airflow/dags/operator_demo.py","lineno":5,"logger":"py.warnings"}
{"timestamp":"2026-03-11T00:01:38.330485Z","level":"warning","event":"Error when trying to pre-import module 'airflow.sensor.filesystem' found in /opt/airflow/dags/operator_demo.py: No module named 'airflow.sensor'","logger":"processor"}
{"timestamp":"2026-03-11T00:01:38.396114Z","level":"info","event":"Filling up the DagBag from /opt/airflow/dags/operator_demo.py","logger":"airflow.models.dagbag.DagBag","filename":"dagbag.py","lineno":593}
{"timestamp":"2026-03-11T00:01:38.455949Z","level":"error","event":"Failed to import: /opt/airflow/dags/operator_demo.py","logger":"airflow.models.dagbag.DagBag","filename":"dagbag.py","lineno":415,"error_detail":[{"exc_type":"ModuleNotFoundError","exc_value":"No module named 'airflow.sensor'","exc_notes":[],"syntax_error":null,"is_cause":false,"frames":[{"filename":"/home/airflow/.local/lib/python3.12/site-packages/airflow/models/dagbag.py","lineno":405,"name":"parse"},{"filename":"<frozen importlib._bootstrap_external>","lineno":999,"name":"exec_module"},{"filename":"<frozen importlib._bootstrap>","lineno":488,"name":"_call_with_frames_removed"},{"filename":"/opt/airflow/dags/operator_demo.py","lineno":6,"name":"<module>"}],"is_group":false,"exceptions":[]}]}
{"timestamp":"2026-03-11T00:01:38.464778Z","level":"warning","event":"The `airflow.operators.bash.BashOperator` attribute is deprecated. Please use `'airflow.providers.standard.operators.bash.BashOperator'`.","category":"DeprecatedImportWarning","filename":"/opt/airflow/dags/operator_demo.py","lineno":5,"logger":"py.warnings"}
{"timestamp":"2026-03-11T00:02:08.651906Z","level":"warning","event":"Error when trying to pre-import module 'airflow.sensor.filesystem' found in /opt/airflow/dags/operator_demo.py: No module named 'airflow.sensor'","logger":"processor"}
{"timestamp":"2026-03-11T00:02:08.696997Z","level":"info","event":"Filling up the DagBag from /opt/airflow/dags/operator_demo.py","logger":"airflow.models.dagbag.DagBag","filename":"dagbag.py","lineno":593}
{"timestamp":"2026-03-11T00:02:08.719235Z","level":"error","event":"Failed to import: /opt/airflow/dags/operator_demo.py","logger":"airflow.models.dagbag.DagBag","filename":"dagbag.py","lineno":415,"error_detail":[{"exc_type":"ModuleNotFoundError","exc_value":"No module named 'airflow.sensor'","exc_notes":[],"syntax_error":null,"is_cause":false,"frames":[{"filename":"/home/airflow/.local/lib/python3.12/site-packages/airflow/models/dagbag.py","lineno":405,"name":"parse"},{"filename":"<frozen importlib._bootstrap_external>","lineno":999,"name":"exec_module"},{"filename":"<frozen importlib._bootstrap>","lineno":488,"name":"_call_with_frames_removed"},{"filename":"/opt/airflow/dags/operator_demo.py","lineno":6,"name":"<module>"}],"is_group":false,"exceptions":[]}]}
{"timestamp":"2026-03-11T00:02:08.725127Z","level":"warning","event":"The `airflow.operators.bash.BashOperator` attribute is deprecated. Please use `'airflow.providers.standard.operators.bash.BashOperator'`.","category":"DeprecatedImportWarning","filename":"/opt/airflow/dags/operator_demo.py","lineno":5,"logger":"py.warnings"}
{"timestamp":"2026-03-11T00:02:10.154791Z","level":"info","event":"Filling up the DagBag from /opt/airflow/dags/operator_demo.py","logger":"airflow.models.dagbag.DagBag","filename":"dagbag.py","lineno":593}
{"timestamp":"2026-03-11T00:02:10.187638Z","level":"warning","event":"The `airflow.operators.bash.BashOperator` attribute is deprecated. Please use `'airflow.providers.standard.operators.bash.BashOperator'`.","category":"DeprecatedImportWarning","filename":"/opt/airflow/dags/operator_demo.py","lineno":5,"logger":"py.warnings"}
{"timestamp":"2026-03-11T00:02:10.187816Z","level":"warning","event":"The `airflow.sensors.filesystem.FileSensor` attribute is deprecated. Please use `'airflow.providers.standard.sensors.filesystem.FileSensor'`.","category":"DeprecatedImportWarning","filename":"/opt/airflow/dags/operator_demo.py","lineno":6,"logger":"py.warnings"}
{"timestamp":"2026-03-11T00:02:40.505536Z","level":"info","event":"Filling up the DagBag from /opt/airflow/dags/operator_demo.py","logger":"airflow.models.dagbag.DagBag","filename":"dagbag.py","lineno":593}
{"timestamp":"2026-03-11T00:02:40.525468Z","level":"warning","event":"The `airflow.operators.bash.BashOperator` attribute is deprecated. Please use `'airflow.providers.standard.operators.bash.BashOperator'`.","category":"DeprecatedImportWarning","filename":"/opt/airflow/dags/operator_demo.py","lineno":5,"logger":"py.warnings"}
{"timestamp":"2026-03-11T00:02:40.525640Z","level":"warning","event":"The `airflow.sensors.filesystem.FileSensor` attribute is deprecated. Please use `'airflow.providers.standard.sensors.filesystem.FileSensor'`.","category":"DeprecatedImportWarning","filename":"/opt/airflow/dags/operator_demo.py","lineno":6,"logger":"py.warnings"}
{"timestamp":"2026-03-11T00:03:11.298691Z","level":"info","event":"Filling up the DagBag from /opt/airflow/dags/operator_demo.py","logger":"airflow.models.dagbag.DagBag","filename":"dagbag.py","lineno":593}
{"timestamp":"2026-03-11T00:03:11.318129Z","level":"warning","event":"The `airflow.operators.bash.BashOperator` attribute is deprecated. Please use `'airflow.providers.standard.operators.bash.BashOperator'`.","category":"DeprecatedImportWarning","filename":"/opt/airflow/dags/operator_demo.py","lineno":5,"logger":"py.warnings"}
{"timestamp":"2026-03-11T00:03:11.318293Z","level":"warning","event":"The `airflow.sensors.filesystem.FileSensor` attribute is deprecated. Please use `'airflow.providers.standard.sensors.filesystem.FileSensor'`.","category":"DeprecatedImportWarning","filename":"/opt/airflow/dags/operator_demo.py","lineno":6,"logger":"py.warnings"}
{"timestamp":"2026-03-11T00:03:24.570973Z","level":"info","event":"Filling up the DagBag from /opt/airflow/dags/operator_demo.py","logger":"airflow.models.dagbag.DagBag","filename":"dagbag.py","lineno":593}
{"timestamp":"2026-03-11T00:03:24.640193Z","level":"warning","event":"The `airflow.operators.bash.BashOperator` attribute is deprecated. Please use `'airflow.providers.standard.operators.bash.BashOperator'`.","category":"DeprecatedImportWarning","filename":"/opt/airflow/dags/operator_demo.py","lineno":5,"logger":"py.warnings"}
{"timestamp":"2026-03-11T00:03:24.640446Z","level":"warning","event":"The `airflow.sensors.filesystem.FileSensor` attribute is deprecated. Please use `'airflow.providers.standard.sensors.filesystem.FileSensor'`.","category":"DeprecatedImportWarning","filename":"/opt/airflow/dags/operator_demo.py","lineno":6,"logger":"py.warnings"}
{"timestamp":"2026-03-11T00:03:44.091662Z","level":"info","event":"Filling up the DagBag from /opt/airflow/dags/operator_demo.py","logger":"airflow.models.dagbag.DagBag","filename":"dagbag.py","lineno":593}
{"timestamp":"2026-03-11T00:03:44.118630Z","level":"warning","event":"The `airflow.operators.bash.BashOperator` attribute is deprecated. Please use `'airflow.providers.standard.operators.bash.BashOperator'`.","category":"DeprecatedImportWarning","filename":"/opt/airflow/dags/operator_demo.py","lineno":5,"logger":"py.warnings"}
{"timestamp":"2026-03-11T00:03:44.118828Z","level":"warning","event":"The `airflow.sensors.filesystem.FileSensor` attribute is deprecated. Please use `'airflow.providers.standard.sensors.filesystem.FileSensor'`.","category":"DeprecatedImportWarning","filename":"/opt/airflow/dags/operator_demo.py","lineno":6,"logger":"py.warnings"}
{"timestamp":"2026-03-11T00:03:44.264237Z","level":"info","event":"Filling up the DagBag from /opt/airflow/dags/operator_demo.py","logger":"airflow.models.dagbag.DagBag","filename":"dagbag.py","lineno":593}
{"timestamp":"2026-03-11T00:03:44.281811Z","level":"warning","event":"The `airflow.operators.bash.BashOperator` attribute is deprecated. Please use `'airflow.providers.standard.operators.bash.BashOperator'`.","category":"DeprecatedImportWarning","filename":"/opt/airflow/dags/operator_demo.py","lineno":5,"logger":"py.warnings"}
{"timestamp":"2026-03-11T00:03:44.281978Z","level":"warning","event":"The `airflow.sensors.filesystem.FileSensor` attribute is deprecated. Please use `'airflow.providers.standard.sensors.filesystem.FileSensor'`.","category":"DeprecatedImportWarning","filename":"/opt/airflow/dags/operator_demo.py","lineno":6,"logger":"py.warnings"}
{"timestamp":"2026-03-11T00:04:14.836377Z","level":"info","event":"Filling up the DagBag from /opt/airflow/dags/operator_demo.py","logger":"airflow.models.dagbag.DagBag","filename":"dagbag.py","lineno":593}
{"timestamp":"2026-03-11T00:04:14.855232Z","level":"warning","event":"The `airflow.operators.bash.BashOperator` attribute is deprecated. Please use `'airflow.providers.standard.operators.bash.BashOperator'`.","category":"DeprecatedImportWarning","filename":"/opt/airflow/dags/operator_demo.py","lineno":5,"logger":"py.warnings"}
{"timestamp":"2026-03-11T00:04:14.855414Z","level":"warning","event":"The `airflow.sensors.filesystem.FileSensor` attribute is deprecated. Please use `'airflow.providers.standard.sensors.filesystem.FileSensor'`.","category":"DeprecatedImportWarning","filename":"/opt/airflow/dags/operator_demo.py","lineno":6,"logger":"py.warnings"}
{"timestamp":"2026-03-11T00:04:45.434455Z","level":"info","event":"Filling up the DagBag from /opt/airflow/dags/operator_demo.py","logger":"airflow.models.dagbag.DagBag","filename":"dagbag.py","lineno":593}
{"timestamp":"2026-03-11T00:04:45.460433Z","level":"warning","event":"The `airflow.operators.bash.BashOperator` attribute is deprecated. Please use `'airflow.providers.standard.operators.bash.BashOperator'`.","category":"DeprecatedImportWarning","filename":"/opt/airflow/dags/operator_demo.py","lineno":5,"logger":"py.warnings"}
{"timestamp":"2026-03-11T00:04:45.460763Z","level":"warning","event":"The `airflow.sensors.filesystem.FileSensor` attribute is deprecated. Please use `'airflow.providers.standard.sensors.filesystem.FileSensor'`.","category":"DeprecatedImportWarning","filename":"/opt/airflow/dags/operator_demo.py","lineno":6,"logger":"py.warnings"}
{"timestamp":"2026-03-11T00:05:16.124019Z","level":"info","event":"Filling up the DagBag from /opt/airflow/dags/operator_demo.py","logger":"airflow.models.dagbag.DagBag","filename":"dagbag.py","lineno":593}
{"timestamp":"2026-03-11T00:05:16.148778Z","level":"warning","event":"The `airflow.operators.bash.BashOperator` attribute is deprecated. Please use `'airflow.providers.standard.operators.bash.BashOperator'`.","category":"DeprecatedImportWarning","filename":"/opt/airflow/dags/operator_demo.py","lineno":5,"logger":"py.warnings"}
{"timestamp":"2026-03-11T00:05:16.149072Z","level":"warning","event":"The `airflow.sensors.filesystem.FileSensor` attribute is deprecated. Please use `'airflow.providers.standard.sensors.filesystem.FileSensor'`.","category":"DeprecatedImportWarning","filename":"/opt/airflow/dags/operator_demo.py","lineno":6,"logger":"py.warnings"}
{"timestamp":"2026-03-11T00:05:46.944541Z","level":"info","event":"Filling up the DagBag from /opt/airflow/dags/operator_demo.py","logger":"airflow.models.dagbag.DagBag","filename":"dagbag.py","lineno":593}
{"timestamp":"2026-03-11T00:05:46.962572Z","level":"warning","event":"The `airflow.operators.bash.BashOperator` attribute is deprecated. Please use `'airflow.providers.standard.operators.bash.BashOperator'`.","category":"DeprecatedImportWarning","filename":"/opt/airflow/dags/operator_demo.py","lineno":5,"logger":"py.warnings"}
{"timestamp":"2026-03-11T00:05:46.962733Z","level":"warning","event":"The `airflow.sensors.filesystem.FileSensor` attribute is deprecated. Please use `'airflow.providers.standard.sensors.filesystem.FileSensor'`.","category":"DeprecatedImportWarning","filename":"/opt/airflow/dags/operator_demo.py","lineno":6,"logger":"py.warnings"}
{"timestamp":"2026-03-11T00:06:17.329441Z","level":"info","event":"Filling up the DagBag from /opt/airflow/dags/operator_demo.py","logger":"airflow.models.dagbag.DagBag","filename":"dagbag.py","lineno":593}
{"timestamp":"2026-03-11T00:06:17.349698Z","level":"warning","event":"The `airflow.operators.bash.BashOperator` attribute is deprecated. Please use `'airflow.providers.standard.operators.bash.BashOperator'`.","category":"DeprecatedImportWarning","filename":"/opt/airflow/dags/operator_demo.py","lineno":5,"logger":"py.warnings"}
{"timestamp":"2026-03-11T00:06:17.349859Z","level":"warning","event":"The `airflow.sensors.filesystem.FileSensor` attribute is deprecated. Please use `'airflow.providers.standard.sensors.filesystem.FileSensor'`.","category":"DeprecatedImportWarning","filename":"/opt/airflow/dags/operator_demo.py","lineno":6,"logger":"py.warnings"}
{"timestamp":"2026-03-11T00:06:47.485528Z","level":"info","event":"Filling up the DagBag from /opt/airflow/dags/operator_demo.py","logger":"airflow.models.dagbag.DagBag","filename":"dagbag.py","lineno":593}
{"timestamp":"2026-03-11T00:06:47.506406Z","level":"warning","event":"The `airflow.operators.bash.BashOperator` attribute is deprecated. Please use `'airflow.providers.standard.operators.bash.BashOperator'`.","category":"DeprecatedImportWarning","filename":"/opt/airflow/dags/operator_demo.py","lineno":5,"logger":"py.warnings"}
{"timestamp":"2026-03-11T00:06:47.506554Z","level":"warning","event":"The `airflow.sensors.filesystem.FileSensor` attribute is deprecated. Please use `'airflow.providers.standard.sensors.filesystem.FileSensor'`.","category":"DeprecatedImportWarning","filename":"/opt/airflow/dags/operator_demo.py","lineno":6,"logger":"py.warnings"}
{"timestamp":"2026-03-11T00:07:17.673934Z","level":"info","event":"Filling up the DagBag from /opt/airflow/dags/operator_demo.py","logger":"airflow.models.dagbag.DagBag","filename":"dagbag.py","lineno":593}
{"timestamp":"2026-03-11T00:07:17.691904Z","level":"warning","event":"The `airflow.operators.bash.BashOperator` attribute is deprecated. Please use `'airflow.providers.standard.operators.bash.BashOperator'`.","category":"DeprecatedImportWarning","filename":"/opt/airflow/dags/operator_demo.py","lineno":5,"logger":"py.warnings"}
{"timestamp":"2026-03-11T00:07:17.692073Z","level":"warning","event":"The `airflow.sensors.filesystem.FileSensor` attribute is deprecated. Please use `'airflow.providers.standard.sensors.filesystem.FileSensor'`.","category":"DeprecatedImportWarning","filename":"/opt/airflow/dags/operator_demo.py","lineno":6,"logger":"py.warnings"}
{"timestamp":"2026-03-11T00:07:47.875969Z","level":"info","event":"Filling up the DagBag from /opt/airflow/dags/operator_demo.py","logger":"airflow.models.dagbag.DagBag","filename":"dagbag.py","lineno":593}
{"timestamp":"2026-03-11T00:07:47.906168Z","level":"warning","event":"The `airflow.operators.bash.BashOperator` attribute is deprecated. Please use `'airflow.providers.standard.operators.bash.BashOperator'`.","category":"DeprecatedImportWarning","filename":"/opt/airflow/dags/operator_demo.py","lineno":5,"logger":"py.warnings"}
{"timestamp":"2026-03-11T00:07:47.906933Z","level":"warning","event":"The `airflow.sensors.filesystem.FileSensor` attribute is deprecated. Please use `'airflow.providers.standard.sensors.filesystem.FileSensor'`.","category":"DeprecatedImportWarning","filename":"/opt/airflow/dags/operator_demo.py","lineno":6,"logger":"py.warnings"}
{"timestamp":"2026-03-11T00:08:18.380538Z","level":"info","event":"Filling up the DagBag from /opt/airflow/dags/operator_demo.py","logger":"airflow.models.dagbag.DagBag","filename":"dagbag.py","lineno":593}
{"timestamp":"2026-03-11T00:08:18.401602Z","level":"warning","event":"The `airflow.operators.bash.BashOperator` attribute is deprecated. Please use `'airflow.providers.standard.operators.bash.BashOperator'`.","category":"DeprecatedImportWarning","filename":"/opt/airflow/dags/operator_demo.py","lineno":5,"logger":"py.warnings"}
{"timestamp":"2026-03-11T00:08:18.401816Z","level":"warning","event":"The `airflow.sensors.filesystem.FileSensor` attribute is deprecated. Please use `'airflow.providers.standard.sensors.filesystem.FileSensor'`.","category":"DeprecatedImportWarning","filename":"/opt/airflow/dags/operator_demo.py","lineno":6,"logger":"py.warnings"}
{"timestamp":"2026-03-11T00:08:48.918943Z","level":"info","event":"Filling up the DagBag from /opt/airflow/dags/operator_demo.py","logger":"airflow.models.dagbag.DagBag","filename":"dagbag.py","lineno":593}
{"timestamp":"2026-03-11T00:08:48.942011Z","level":"warning","event":"The `airflow.operators.bash.BashOperator` attribute is deprecated. Please use `'airflow.providers.standard.operators.bash.BashOperator'`.","category":"DeprecatedImportWarning","filename":"/opt/airflow/dags/operator_demo.py","lineno":5,"logger":"py.warnings"}
{"timestamp":"2026-03-11T00:08:48.942296Z","level":"warning","event":"The `airflow.sensors.filesystem.FileSensor` attribute is deprecated. Please use `'airflow.providers.standard.sensors.filesystem.FileSensor'`.","category":"DeprecatedImportWarning","filename":"/opt/airflow/dags/operator_demo.py","lineno":6,"logger":"py.warnings"}
{"timestamp":"2026-03-11T00:09:19.770170Z","level":"info","event":"Filling up the DagBag from /opt/airflow/dags/operator_demo.py","logger":"airflow.models.dagbag.DagBag","filename":"dagbag.py","lineno":593}
{"timestamp":"2026-03-11T00:09:19.792131Z","level":"warning","event":"The `airflow.operators.bash.BashOperator` attribute is deprecated. Please use `'airflow.providers.standard.operators.bash.BashOperator'`.","category":"DeprecatedImportWarning","filename":"/opt/airflow/dags/operator_demo.py","lineno":5,"logger":"py.warnings"}
{"timestamp":"2026-03-11T00:09:19.792374Z","level":"warning","event":"The `airflow.sensors.filesystem.FileSensor` attribute is deprecated. Please use `'airflow.providers.standard.sensors.filesystem.FileSensor'`.","category":"DeprecatedImportWarning","filename":"/opt/airflow/dags/operator_demo.py","lineno":6,"logger":"py.warnings"}
{"timestamp":"2026-03-11T00:09:50.451886Z","level":"info","event":"Filling up the DagBag from /opt/airflow/dags/operator_demo.py","logger":"airflow.models.dagbag.DagBag","filename":"dagbag.py","lineno":593}
{"timestamp":"2026-03-11T00:09:50.473245Z","level":"warning","event":"The `airflow.operators.bash.BashOperator` attribute is deprecated. Please use `'airflow.providers.standard.operators.bash.BashOperator'`.","category":"DeprecatedImportWarning","filename":"/opt/airflow/dags/operator_demo.py","lineno":5,"logger":"py.warnings"}
{"timestamp":"2026-03-11T00:09:50.473497Z","level":"warning","event":"The `airflow.sensors.filesystem.FileSensor` attribute is deprecated. Please use `'airflow.providers.standard.sensors.filesystem.FileSensor'`.","category":"DeprecatedImportWarning","filename":"/opt/airflow/dags/operator_demo.py","lineno":6,"logger":"py.warnings"}
{"timestamp":"2026-03-11T00:10:20.869242Z","level":"info","event":"Filling up the DagBag from /opt/airflow/dags/operator_demo.py","logger":"airflow.models.dagbag.DagBag","filename":"dagbag.py","lineno":593}
{"timestamp":"2026-03-11T00:10:20.894411Z","level":"warning","event":"The `airflow.operators.bash.BashOperator` attribute is deprecated. Please use `'airflow.providers.standard.operators.bash.BashOperator'`.","category":"DeprecatedImportWarning","filename":"/opt/airflow/dags/operator_demo.py","lineno":5,"logger":"py.warnings"}
{"timestamp":"2026-03-11T00:10:20.894649Z","level":"warning","event":"The `airflow.sensors.filesystem.FileSensor` attribute is deprecated. Please use `'airflow.providers.standard.sensors.filesystem.FileSensor'`.","category":"DeprecatedImportWarning","filename":"/opt/airflow/dags/operator_demo.py","lineno":6,"logger":"py.warnings"}
{"timestamp":"2026-03-11T00:10:51.225822Z","level":"info","event":"Filling up the DagBag from /opt/airflow/dags/operator_demo.py","logger":"airflow.models.dagbag.DagBag","filename":"dagbag.py","lineno":593}
{"timestamp":"2026-03-11T00:10:51.242788Z","level":"warning","event":"The `airflow.operators.bash.BashOperator` attribute is deprecated. Please use `'airflow.providers.standard.operators.bash.BashOperator'`.","category":"DeprecatedImportWarning","filename":"/opt/airflow/dags/operator_demo.py","lineno":5,"logger":"py.warnings"}
{"timestamp":"2026-03-11T00:10:51.242973Z","level":"warning","event":"The `airflow.sensors.filesystem.FileSensor` attribute is deprecated. Please use `'airflow.providers.standard.sensors.filesystem.FileSensor'`.","category":"DeprecatedImportWarning","filename":"/opt/airflow/dags/operator_demo.py","lineno":6,"logger":"py.warnings"}
{"timestamp":"2026-03-11T00:11:22.193686Z","level":"info","event":"Filling up the DagBag from /opt/airflow/dags/operator_demo.py","logger":"airflow.models.dagbag.DagBag","filename":"dagbag.py","lineno":593}
{"timestamp":"2026-03-11T00:11:22.210476Z","level":"warning","event":"The `airflow.operators.bash.BashOperator` attribute is deprecated. Please use `'airflow.providers.standard.operators.bash.BashOperator'`.","category":"DeprecatedImportWarning","filename":"/opt/airflow/dags/operator_demo.py","lineno":5,"logger":"py.warnings"}
{"timestamp":"2026-03-11T00:11:22.210631Z","level":"warning","event":"The `airflow.sensors.filesystem.FileSensor` attribute is deprecated. Please use `'airflow.providers.standard.sensors.filesystem.FileSensor'`.","category":"DeprecatedImportWarning","filename":"/opt/airflow/dags/operator_demo.py","lineno":6,"logger":"py.warnings"}
{"timestamp":"2026-03-11T00:11:53.022257Z","level":"info","event":"Filling up the DagBag from /opt/airflow/dags/operator_demo.py","logger":"airflow.models.dagbag.DagBag","filename":"dagbag.py","lineno":593}
{"timestamp":"2026-03-11T00:11:53.041693Z","level":"warning","event":"The `airflow.operators.bash.BashOperator` attribute is deprecated. Please use `'airflow.providers.standard.operators.bash.BashOperator'`.","category":"DeprecatedImportWarning","filename":"/opt/airflow/dags/operator_demo.py","lineno":5,"logger":"py.warnings"}
{"timestamp":"2026-03-11T00:11:53.041881Z","level":"warning","event":"The `airflow.sensors.filesystem.FileSensor` attribute is deprecated. Please use `'airflow.providers.standard.sensors.filesystem.FileSensor'`.","category":"DeprecatedImportWarning","filename":"/opt/airflow/dags/operator_demo.py","lineno":6,"logger":"py.warnings"}
{"timestamp":"2026-03-11T00:12:23.694587Z","level":"info","event":"Filling up the DagBag from /opt/airflow/dags/operator_demo.py","logger":"airflow.models.dagbag.DagBag","filename":"dagbag.py","lineno":593}
{"timestamp":"2026-03-11T00:12:23.715408Z","level":"warning","event":"The `airflow.operators.bash.BashOperator` attribute is deprecated. Please use `'airflow.providers.standard.operators.bash.BashOperator'`.","category":"DeprecatedImportWarning","filename":"/opt/airflow/dags/operator_demo.py","lineno":5,"logger":"py.warnings"}
{"timestamp":"2026-03-11T00:12:23.715624Z","level":"warning","event":"The `airflow.sensors.filesystem.FileSensor` attribute is deprecated. Please use `'airflow.providers.standard.sensors.filesystem.FileSensor'`.","category":"DeprecatedImportWarning","filename":"/opt/airflow/dags/operator_demo.py","lineno":6,"logger":"py.warnings"}
{"timestamp":"2026-03-11T00:12:54.204595Z","level":"info","event":"Filling up the DagBag from /opt/airflow/dags/operator_demo.py","logger":"airflow.models.dagbag.DagBag","filename":"dagbag.py","lineno":593}
{"timestamp":"2026-03-11T00:12:54.225479Z","level":"warning","event":"The `airflow.operators.bash.BashOperator` attribute is deprecated. Please use `'airflow.providers.standard.operators.bash.BashOperator'`.","category":"DeprecatedImportWarning","filename":"/opt/airflow/dags/operator_demo.py","lineno":5,"logger":"py.warnings"}
{"timestamp":"2026-03-11T00:12:54.225649Z","level":"warning","event":"The `airflow.sensors.filesystem.FileSensor` attribute is deprecated. Please use `'airflow.providers.standard.sensors.filesystem.FileSensor'`.","category":"DeprecatedImportWarning","filename":"/opt/airflow/dags/operator_demo.py","lineno":6,"logger":"py.warnings"}
{"timestamp":"2026-03-11T00:13:24.803949Z","level":"info","event":"Filling up the DagBag from /opt/airflow/dags/operator_demo.py","logger":"airflow.models.dagbag.DagBag","filename":"dagbag.py","lineno":593}
{"timestamp":"2026-03-11T00:13:24.823185Z","level":"warning","event":"The `airflow.operators.bash.BashOperator` attribute is deprecated. Please use `'airflow.providers.standard.operators.bash.BashOperator'`.","category":"DeprecatedImportWarning","filename":"/opt/airflow/dags/operator_demo.py","lineno":5,"logger":"py.warnings"}
{"timestamp":"2026-03-11T00:13:24.823345Z","level":"warning","event":"The `airflow.sensors.filesystem.FileSensor` attribute is deprecated. Please use `'airflow.providers.standard.sensors.filesystem.FileSensor'`.","category":"DeprecatedImportWarning","filename":"/opt/airflow/dags/operator_demo.py","lineno":6,"logger":"py.warnings"}
{"timestamp":"2026-03-11T00:13:55.480678Z","level":"info","event":"Filling up the DagBag from /opt/airflow/dags/operator_demo.py","logger":"airflow.models.dagbag.DagBag","filename":"dagbag.py","lineno":593}
{"timestamp":"2026-03-11T00:13:55.502642Z","level":"warning","event":"The `airflow.operators.bash.BashOperator` attribute is deprecated. Please use `'airflow.providers.standard.operators.bash.BashOperator'`.","category":"DeprecatedImportWarning","filename":"/opt/airflow/dags/operator_demo.py","lineno":5,"logger":"py.warnings"}
{"timestamp":"2026-03-11T00:13:55.502865Z","level":"warning","event":"The `airflow.sensors.filesystem.FileSensor` attribute is deprecated. Please use `'airflow.providers.standard.sensors.filesystem.FileSensor'`.","category":"DeprecatedImportWarning","filename":"/opt/airflow/dags/operator_demo.py","lineno":6,"logger":"py.warnings"}
{"timestamp":"2026-03-11T00:14:26.440048Z","level":"info","event":"Filling up the DagBag from /opt/airflow/dags/operator_demo.py","logger":"airflow.models.dagbag.DagBag","filename":"dagbag.py","lineno":593}
{"timestamp":"2026-03-11T00:14:26.465494Z","level":"warning","event":"The `airflow.operators.bash.BashOperator` attribute is deprecated. Please use `'airflow.providers.standard.operators.bash.BashOperator'`.","category":"DeprecatedImportWarning","filename":"/opt/airflow/dags/operator_demo.py","lineno":5,"logger":"py.warnings"}
{"timestamp":"2026-03-11T00:14:26.465754Z","level":"warning","event":"The `airflow.sensors.filesystem.FileSensor` attribute is deprecated. Please use `'airflow.providers.standard.sensors.filesystem.FileSensor'`.","category":"DeprecatedImportWarning","filename":"/opt/airflow/dags/operator_demo.py","lineno":6,"logger":"py.warnings"}
{"timestamp":"2026-03-11T00:14:57.122645Z","level":"info","event":"Filling up the DagBag from /opt/airflow/dags/operator_demo.py","logger":"airflow.models.dagbag.DagBag","filename":"dagbag.py","lineno":593}
{"timestamp":"2026-03-11T00:14:57.144518Z","level":"warning","event":"The `airflow.operators.bash.BashOperator` attribute is deprecated. Please use `'airflow.providers.standard.operators.bash.BashOperator'`.","category":"DeprecatedImportWarning","filename":"/opt/airflow/dags/operator_demo.py","lineno":5,"logger":"py.warnings"}
{"timestamp":"2026-03-11T00:14:57.144774Z","level":"warning","event":"The `airflow.sensors.filesystem.FileSensor` attribute is deprecated. Please use `'airflow.providers.standard.sensors.filesystem.FileSensor'`.","category":"DeprecatedImportWarning","filename":"/opt/airflow/dags/operator_demo.py","lineno":6,"logger":"py.warnings"}
{"timestamp":"2026-03-11T00:15:27.868182Z","level":"info","event":"Filling up the DagBag from /opt/airflow/dags/operator_demo.py","logger":"airflow.models.dagbag.DagBag","filename":"dagbag.py","lineno":593}
{"timestamp":"2026-03-11T00:15:27.888618Z","level":"warning","event":"The `airflow.operators.bash.BashOperator` attribute is deprecated. Please use `'airflow.providers.standard.operators.bash.BashOperator'`.","category":"DeprecatedImportWarning","filename":"/opt/airflow/dags/operator_demo.py","lineno":5,"logger":"py.warnings"}
{"timestamp":"2026-03-11T00:15:27.888942Z","level":"warning","event":"The `airflow.sensors.filesystem.FileSensor` attribute is deprecated. Please use `'airflow.providers.standard.sensors.filesystem.FileSensor'`.","category":"DeprecatedImportWarning","filename":"/opt/airflow/dags/operator_demo.py","lineno":6,"logger":"py.warnings"}
