{"timestamp":"2026-03-11T00:00:01.175911Z","level":"info","event":"DAG bundles loaded: dags-folder, example_dags","logger":"airflow.dag_processing.bundles.manager.DagBundlesManager","filename":"manager.py","lineno":179}
{"timestamp":"2026-03-11T00:00:01.184130Z","level":"info","event":"Filling up the DagBag from /opt/airflow/dags/operator_demo.py","logger":"airflow.models.dagbag.DagBag","filename":"dagbag.py","lineno":593}
{"timestamp":"2026-03-11T00:00:03.653034Z","level":"warning","event":"The `airflow.operators.bash.BashOperator` attribute is deprecated. Please use `'airflow.providers.standard.operators.bash.BashOperator'`.","category":"DeprecatedImportWarning","filename":"/opt/airflow/dags/operator_demo.py","lineno":5,"logger":"py.warnings"}
{"timestamp":"2026-03-11T00:00:03.685867Z","level":"info","event":"Task instance is in running state","logger":"task.stdout"}
{"timestamp":"2026-03-11T00:00:03.686336Z","level":"info","event":" Previous state of the Task instance: TaskInstanceState.QUEUED","logger":"task.stdout"}
{"timestamp":"2026-03-11T00:00:03.686643Z","level":"info","event":"Current task name:list_dag_folder_files","logger":"task.stdout"}
{"timestamp":"2026-03-11T00:00:03.686902Z","level":"info","event":"Dag name:bash_operator_demo","logger":"task.stdout"}
{"timestamp":"2026-03-11T00:00:03.687334Z","level":"info","event":"Tmp dir root location: /tmp","logger":"airflow.task.hooks.airflow.providers.standard.hooks.subprocess.SubprocessHook","filename":"subprocess.py","lineno":78}
{"timestamp":"2026-03-11T00:00:03.689375Z","level":"info","event":"Running command: ['/usr/bin/bash', '-c', \"echo 'Files in DAGs Folders:' && ls -lh /opt/airflow/dags\"]","logger":"airflow.task.hooks.airflow.providers.standard.hooks.subprocess.SubprocessHook","filename":"subprocess.py","lineno":80}
{"timestamp":"2026-03-11T00:00:03.690568Z","level":"info","event":"Output:","logger":"airflow.task.hooks.airflow.providers.standard.hooks.subprocess.SubprocessHook","filename":"subprocess.py","lineno":92}
{"timestamp":"2026-03-11T00:00:03.697737Z","level":"info","event":"Files in DAGs Folders:","logger":"airflow.task.hooks.airflow.providers.standard.hooks.subprocess.SubprocessHook","filename":"subprocess.py","lineno":99}
{"timestamp":"2026-03-11T00:00:03.715952Z","level":"info","event":"total 16K","logger":"airflow.task.hooks.airflow.providers.standard.hooks.subprocess.SubprocessHook","filename":"subprocess.py","lineno":99}
{"timestamp":"2026-03-11T00:00:03.716149Z","level":"info","event":"drwxrwxr-x 1 airflow root 4.0K Mar 10 23:35 __pycache__","logger":"airflow.task.hooks.airflow.providers.standard.hooks.subprocess.SubprocessHook","filename":"subprocess.py","lineno":99}
{"timestamp":"2026-03-11T00:00:03.716223Z","level":"info","event":"-rwxrwxrwx 1 root    root  522 Mar 10 01:41 daily_sales.csv","logger":"airflow.task.hooks.airflow.providers.standard.hooks.subprocess.SubprocessHook","filename":"subprocess.py","lineno":99}
{"timestamp":"2026-03-11T00:00:03.716290Z","level":"info","event":"-rwxrwxrwx 1 airflow root 1.1K Mar 10 23:35 operator_demo.py","logger":"airflow.task.hooks.airflow.providers.standard.hooks.subprocess.SubprocessHook","filename":"subprocess.py","lineno":99}
{"timestamp":"2026-03-11T00:00:03.716331Z","level":"info","event":"-rwxrwxrwx 1 root    root 2.4K Mar 10 23:14 project-f6541d1b-f290-42cd-a1d-447538895f5f.json","logger":"airflow.task.hooks.airflow.providers.standard.hooks.subprocess.SubprocessHook","filename":"subprocess.py","lineno":99}
{"timestamp":"2026-03-11T00:00:03.716365Z","level":"info","event":"-rwxrwxrwx 1 airflow root  681 Mar 10 00:56 taskflow_demo.py","logger":"airflow.task.hooks.airflow.providers.standard.hooks.subprocess.SubprocessHook","filename":"subprocess.py","lineno":99}
{"timestamp":"2026-03-11T00:00:03.716396Z","level":"info","event":"-rwxrwxrwx 1 airflow root 1.4K Mar 10 00:25 test-api-modern.py","logger":"airflow.task.hooks.airflow.providers.standard.hooks.subprocess.SubprocessHook","filename":"subprocess.py","lineno":99}
{"timestamp":"2026-03-11T00:00:03.716613Z","level":"info","event":"Command exited with return code 0","logger":"airflow.task.hooks.airflow.providers.standard.hooks.subprocess.SubprocessHook","filename":"subprocess.py","lineno":103}
{"timestamp":"2026-03-11T00:00:03.717453Z","level":"info","event":"Pushing xcom","ti":"RuntimeTaskInstance(id=UUID('019cda31-7581-7bca-8764-efed23284148'), task_id='list_dag_folder_files', dag_id='bash_operator_demo', run_id='scheduled__2026-03-11T00:00:00+00:00', try_number=1, dag_version_id=UUID('019cd56b-0005-7344-9dd0-d4871a0dbd55'), map_index=-1, hostname='f1f90ba5fafb', context_carrier={}, task=<Task(BashOperator): list_dag_folder_files>, bundle_instance=LocalDagBundle(name=dags-folder), max_tries=0, start_date=datetime.datetime(2026, 3, 11, 0, 0, 0, 940324, tzinfo=datetime.timezone.utc), end_date=None, state=<TaskInstanceState.RUNNING: 'running'>, is_mapped=False, rendered_map_index=None)","logger":"task","filename":"task_runner.py","lineno":1370}
{"timestamp":"2026-03-11T00:00:03.752103Z","level":"info","event":"Task instance in success state","logger":"task.stdout"}
{"timestamp":"2026-03-11T00:00:03.752531Z","level":"info","event":" Previous state of the Task instance: TaskInstanceState.RUNNING","logger":"task.stdout"}
{"timestamp":"2026-03-11T00:00:03.753123Z","level":"info","event":"Task operator:<Task(BashOperator): list_dag_folder_files>","logger":"task.stdout"}
