{"timestamp":"2026-03-10T23:46:03.066404Z","level":"info","event":"DAG bundles loaded: dags-folder, example_dags","logger":"airflow.dag_processing.bundles.manager.DagBundlesManager","filename":"manager.py","lineno":179}
{"timestamp":"2026-03-10T23:46:03.069785Z","level":"info","event":"Filling up the DagBag from /opt/airflow/dags/operator_demo.py","logger":"airflow.models.dagbag.DagBag","filename":"dagbag.py","lineno":593}
{"timestamp":"2026-03-10T23:46:05.742290Z","level":"warning","event":"The `airflow.operators.bash.BashOperator` attribute is deprecated. Please use `'airflow.providers.standard.operators.bash.BashOperator'`.","category":"DeprecatedImportWarning","filename":"/opt/airflow/dags/operator_demo.py","lineno":5,"logger":"py.warnings"}
{"timestamp":"2026-03-10T23:46:05.842297Z","level":"info","event":"Task instance is in running state","logger":"task.stdout"}
{"timestamp":"2026-03-10T23:46:05.842908Z","level":"info","event":" Previous state of the Task instance: TaskInstanceState.QUEUED","logger":"task.stdout"}
{"timestamp":"2026-03-10T23:46:05.843567Z","level":"info","event":"Current task name:list_dag_folder_files","logger":"task.stdout"}
{"timestamp":"2026-03-10T23:46:05.843887Z","level":"info","event":"Dag name:bash_operator_demo","logger":"task.stdout"}
{"timestamp":"2026-03-10T23:46:05.844718Z","level":"info","event":"Tmp dir root location: /tmp","logger":"airflow.task.hooks.airflow.providers.standard.hooks.subprocess.SubprocessHook","filename":"subprocess.py","lineno":78}
{"timestamp":"2026-03-10T23:46:05.847857Z","level":"info","event":"Running command: ['/usr/bin/bash', '-c', \"echo 'Files in DAGs Folders:' && ls -lh /opt/airflow/dags\"]","logger":"airflow.task.hooks.airflow.providers.standard.hooks.subprocess.SubprocessHook","filename":"subprocess.py","lineno":80}
{"timestamp":"2026-03-10T23:46:05.849435Z","level":"info","event":"Output:","logger":"airflow.task.hooks.airflow.providers.standard.hooks.subprocess.SubprocessHook","filename":"subprocess.py","lineno":92}
{"timestamp":"2026-03-10T23:46:05.858327Z","level":"info","event":"Files in DAGs Folders:","logger":"airflow.task.hooks.airflow.providers.standard.hooks.subprocess.SubprocessHook","filename":"subprocess.py","lineno":99}
{"timestamp":"2026-03-10T23:46:05.882144Z","level":"info","event":"total 16K","logger":"airflow.task.hooks.airflow.providers.standard.hooks.subprocess.SubprocessHook","filename":"subprocess.py","lineno":99}
{"timestamp":"2026-03-10T23:46:05.882357Z","level":"info","event":"drwxrwxr-x 1 airflow root 4.0K Mar 10 23:35 __pycache__","logger":"airflow.task.hooks.airflow.providers.standard.hooks.subprocess.SubprocessHook","filename":"subprocess.py","lineno":99}
{"timestamp":"2026-03-10T23:46:05.882436Z","level":"info","event":"-rwxrwxrwx 1 root    root  522 Mar 10 01:41 daily_sales.csv","logger":"airflow.task.hooks.airflow.providers.standard.hooks.subprocess.SubprocessHook","filename":"subprocess.py","lineno":99}
{"timestamp":"2026-03-10T23:46:05.882495Z","level":"info","event":"-rwxrwxrwx 1 airflow root 1.1K Mar 10 23:35 operator_demo.py","logger":"airflow.task.hooks.airflow.providers.standard.hooks.subprocess.SubprocessHook","filename":"subprocess.py","lineno":99}
{"timestamp":"2026-03-10T23:46:05.882551Z","level":"info","event":"-rwxrwxrwx 1 root    root 2.4K Mar 10 23:14 project-f6541d1b-f290-42cd-a1d-447538895f5f.json","logger":"airflow.task.hooks.airflow.providers.standard.hooks.subprocess.SubprocessHook","filename":"subprocess.py","lineno":99}
{"timestamp":"2026-03-10T23:46:05.882611Z","level":"info","event":"-rwxrwxrwx 1 airflow root  681 Mar 10 00:56 taskflow_demo.py","logger":"airflow.task.hooks.airflow.providers.standard.hooks.subprocess.SubprocessHook","filename":"subprocess.py","lineno":99}
{"timestamp":"2026-03-10T23:46:05.882670Z","level":"info","event":"-rwxrwxrwx 1 airflow root 1.4K Mar 10 00:25 test-api-modern.py","logger":"airflow.task.hooks.airflow.providers.standard.hooks.subprocess.SubprocessHook","filename":"subprocess.py","lineno":99}
{"timestamp":"2026-03-10T23:46:05.882997Z","level":"info","event":"Command exited with return code 0","logger":"airflow.task.hooks.airflow.providers.standard.hooks.subprocess.SubprocessHook","filename":"subprocess.py","lineno":103}
{"timestamp":"2026-03-10T23:46:05.884115Z","level":"info","event":"Pushing xcom","ti":"RuntimeTaskInstance(id=UUID('019cda24-a9f8-726a-b8f0-d3717a8bac6e'), task_id='list_dag_folder_files', dag_id='bash_operator_demo', run_id='manual__2026-03-10T23:46:00+00:00', try_number=1, dag_version_id=UUID('019cd56b-0005-7344-9dd0-d4871a0dbd55'), map_index=-1, hostname='f1f90ba5fafb', context_carrier={}, task=<Task(BashOperator): list_dag_folder_files>, bundle_instance=LocalDagBundle(name=dags-folder), max_tries=0, start_date=datetime.datetime(2026, 3, 10, 23, 46, 2, 961648, tzinfo=datetime.timezone.utc), end_date=None, state=<TaskInstanceState.RUNNING: 'running'>, is_mapped=False, rendered_map_index=None)","logger":"task","filename":"task_runner.py","lineno":1370}
{"timestamp":"2026-03-10T23:46:06.009554Z","level":"info","event":"Task instance in success state","logger":"task.stdout"}
{"timestamp":"2026-03-10T23:46:06.010047Z","level":"info","event":" Previous state of the Task instance: TaskInstanceState.RUNNING","logger":"task.stdout"}
{"timestamp":"2026-03-10T23:46:06.010571Z","level":"info","event":"Task operator:<Task(BashOperator): list_dag_folder_files>","logger":"task.stdout"}
